<?xml version="1.0" encoding="UTF-8"?>
<testng-results ignored="0" total="3" passed="3" failed="0" skipped="0">
  <reporter-output>
  </reporter-output>
  <suite started-at="2023-05-22T12:29:41 IST" name="Default suite" finished-at="2023-05-22T12:30:15 IST" duration-ms="33161">
    <groups>
      <group name="cucumber">
        <method signature="AbstractTestNGCucumberTests.runScenario(io.cucumber.testng.PickleWrapper,io.cucumber.testng.FeatureWrapper)[pri:0, instance:petstore_Ques1_Runner@245b4bdc]" name="runScenario" class="io.cucumber.testng.AbstractTestNGCucumberTests"/>
      </group> <!-- cucumber -->
    </groups>
    <test started-at="2023-05-22T12:29:41 IST" name="Default test" finished-at="2023-05-22T12:30:15 IST" duration-ms="33161">
      <class name="petstore_Ques1_Runner">
        <test-method is-config="true" signature="setUpClass(org.testng.ITestContext)[pri:0, instance:petstore_Ques1_Runner@245b4bdc]" started-at="2023-05-22T12:29:41 IST" name="setUpClass" finished-at="2023-05-22T12:29:42 IST" duration-ms="200" status="PASS">
          <params>
            <param index="0">
              <value>
                <![CDATA[org.testng.TestRunner@70c69586]]>
              </value>
            </param>
          </params>
          <reporter-output>
          </reporter-output>
        </test-method> <!-- setUpClass -->
        <test-method signature="runScenario(io.cucumber.testng.PickleWrapper,io.cucumber.testng.FeatureWrapper)[pri:0, instance:petstore_Ques1_Runner@245b4bdc]" started-at="2023-05-22T12:29:42 IST" name="runScenario" description="Runs Cucumber Scenarios" data-provider="scenarios" finished-at="2023-05-22T12:29:53 IST" duration-ms="11005" status="PASS">
          <params>
            <param index="0">
              <value>
                <![CDATA["Login with valid credentials"]]>
              </value>
            </param>
            <param index="1">
              <value>
                <![CDATA["Validate petstore"]]>
              </value>
            </param>
          </params>
          <reporter-output>
          </reporter-output>
        </test-method> <!-- runScenario -->
        <test-method signature="runScenario(io.cucumber.testng.PickleWrapper,io.cucumber.testng.FeatureWrapper)[pri:0, instance:petstore_Ques1_Runner@245b4bdc]" started-at="2023-05-22T12:29:53 IST" name="runScenario" description="Runs Cucumber Scenarios" data-provider="scenarios" finished-at="2023-05-22T12:30:03 IST" duration-ms="10161" status="PASS">
          <params>
            <param index="0">
              <value>
                <![CDATA["Validate submit order - 1"]]>
              </value>
            </param>
            <param index="1">
              <value>
                <![CDATA["Validate petstore"]]>
              </value>
            </param>
          </params>
          <reporter-output>
          </reporter-output>
        </test-method> <!-- runScenario -->
        <test-method signature="runScenario(io.cucumber.testng.PickleWrapper,io.cucumber.testng.FeatureWrapper)[pri:0, instance:petstore_Ques1_Runner@245b4bdc]" started-at="2023-05-22T12:30:03 IST" name="runScenario" description="Runs Cucumber Scenarios" data-provider="scenarios" finished-at="2023-05-22T12:30:14 IST" duration-ms="11659" status="PASS">
          <params>
            <param index="0">
              <value>
                <![CDATA["Validate submit order - 2"]]>
              </value>
            </param>
            <param index="1">
              <value>
                <![CDATA["Validate petstore"]]>
              </value>
            </param>
          </params>
          <reporter-output>
          </reporter-output>
        </test-method> <!-- runScenario -->
        <test-method is-config="true" signature="tearDownClass()[pri:0, instance:petstore_Ques1_Runner@245b4bdc]" started-at="2023-05-22T12:30:14 IST" name="tearDownClass" finished-at="2023-05-22T12:30:15 IST" duration-ms="115" status="PASS">
          <reporter-output>
          </reporter-output>
        </test-method> <!-- tearDownClass -->
      </class> <!-- petstore_Ques1_Runner -->
    </test> <!-- Default test -->
  </suite> <!-- Default suite -->
</testng-results>
